<?xml version="1.0" encoding="UTF-8"?>
<Site BuildName="(empty)"
	BuildStamp="20241118-0148-Experimental"
	Name="astra"
	Generator="ctest-3.22.1"
	CompilerName="/usr/bin/g++"
	CompilerVersion="11.4.0"
	OSName="Linux"
	Hostname="astra"
	OSRelease="6.8.0-47-generic"
	OSVersion="#47~22.04.1-Ubuntu SMP PREEMPT_DYNAMIC Wed Oct  2 16:16:55 UTC 2"
	OSPlatform="x86_64"
	Is64Bits="1"
	VendorString="GenuineIntel"
	VendorID="Intel Corporation"
	FamilyID="6"
	ModelID="183"
	ProcessorCacheSize="30720"
	NumberOfLogicalCPU="24"
	NumberOfPhysicalCPU="16"
	TotalVirtualMemory="2047"
	TotalPhysicalMemory="31756"
	LogicalProcessorsPerPhysical="1"
	ProcessorClockFrequency="801.062"
	>
	<Testing>
		<StartDateTime>Nov 18 09:55 CST</StartDateTime>
		<StartTestTime>1731894943</StartTestTime>
		<TestList/>
		<EndDateTime>Nov 18 09:55 CST</EndDateTime>
		<EndTestTime>1731894943</EndTestTime>
		<ElapsedMinutes>0</ElapsedMinutes>
	</Testing>
</Site>
